Removed Member From Class: ClassName=Inputs Member=R8
Removed Member From Class: ClassName=Inputs Member=R9
Removed Member From Class: ClassName=Inputs Member=R11
Removed Member From Class: ClassName=Inputs Member=R13
Removed Member From Class: ClassName=LCD Member=R18
Change component parameters: Designator = "B1" ("B1"); Footprint = "FP_BTN_SMD"; UniqueID = "\IWCKAWSX" ("\IWCKAWSX")
Change component parameters (AddParameter): Name = "Name"; Value = "Tactile Switches"; VariantName = "[No Variations]"
Change component parameters (AddParameter): Name = "Reference"; Value = "45-05-43"; VariantName = "[No Variations]"
Change component parameters (AddParameter): Name = "Supplier"; Value = "Lomex"; VariantName = "[No Variations]"
Change component parameters: Designator = "B2" ("B2"); Footprint = "FP_BTN_SMD"; UniqueID = "\XNANWDSL" ("\XNANWDSL")
Change component parameters (AddParameter): Name = "Name"; Value = "Tactile Switches"; VariantName = "[No Variations]"
Change component parameters (AddParameter): Name = "Reference"; Value = "45-05-43"; VariantName = "[No Variations]"
Change component parameters (AddParameter): Name = "Supplier"; Value = "Lomex"; VariantName = "[No Variations]"
Change component parameters: Designator = "B3" ("B3"); Footprint = "FP_BTN_SMD"; UniqueID = "\WTJYKKHT" ("\WTJYKKHT")
Change component parameters (AddParameter): Name = "Name"; Value = "Tactile Switches"; VariantName = "[No Variations]"
Change component parameters (AddParameter): Name = "Reference"; Value = "45-05-43"; VariantName = "[No Variations]"
Change component parameters (AddParameter): Name = "Supplier"; Value = "Lomex"; VariantName = "[No Variations]"
Change component parameters: Designator = "DS1" ("DS1"); Footprint = "RG12864BGHWV"; UniqueID = "\GHGWGWAJ" ("\GHGWGWAJ")
Change component parameters (AddParameter): Name = "Arrow Part Number"; Value = ""; VariantName = "[No Variations]"
Change component parameters (AddParameter): Name = "Arrow Price/Stock"; Value = ""; VariantName = "[No Variations]"
Change component parameters (AddParameter): Name = "Datasheet Link"; Value = "https://www.tme.eu/Document/ad0edd8197c217e1346010bf2253878c/RG12864B-GHW-V.pdf"; VariantName = "[No Variations]"
Change component parameters (AddParameter): Name = "Height"; Value = "5.9mm"; VariantName = "[No Variations]"
Change component parameters (AddParameter): Name = "Manufacturer_Name"; Value = "RAYSTAR"; VariantName = "[No Variations]"
Change component parameters (AddParameter): Name = "Manufacturer_Part_Number"; Value = "RG12864B-BIW-V"; VariantName = "[No Variations]"
Change component parameters (AddParameter): Name = "Mouser Part Number"; Value = ""; VariantName = "[No Variations]"
Change component parameters (AddParameter): Name = "Mouser Price/Stock"; Value = ""; VariantName = "[No Variations]"
Change component parameters: Designator = "IC1" ("IC1"); Footprint = "SOIC127P1032X265-20N"; UniqueID = "\COMZQUTW" ("\COMZQUTW")
Change component parameters (AddParameter): Name = "Datasheet Link"; Value = ""; VariantName = "[No Variations]"
Change component parameters (AddParameter): Name = "Manufacturer_Name"; Value = "Nexperia"; VariantName = "[No Variations]"
Change component parameters (AddParameter): Name = "Name"; Value = "74HCT244D"; VariantName = "[No Variations]"
Change component parameters (AddParameter): Name = "Reference"; Value = "87-05-95"; VariantName = "[No Variations]"
Change component parameters (AddParameter): Name = "Supplier"; Value = "Lomex"; VariantName = "[No Variations]"
Change component parameters: Designator = "IC2" ("IC2"); Footprint = "SOIC127P1032X265-20N"; UniqueID = "\CMPHWQIW" ("\CMPHWQIW")
Change component parameters (AddParameter): Name = "Datasheet Link"; Value = ""; VariantName = "[No Variations]"
Change component parameters (AddParameter): Name = "Farnell Part Number"; Value = "1085315"; VariantName = "[No Variations]"
Change component parameters (AddParameter): Name = "Farnell Price/Stock"; Value = "https://hu.farnell.com/nexperia/74hct245d/74hct-cmos-smd-74hct245-soic20/dp/1085315?st=74hct245d"; VariantName = "[No Variations]"
Change component parameters (AddParameter): Name = "Manufacturer_Name"; Value = "Nexperia"; VariantName = "[No Variations]"
Change component parameters (AddParameter): Name = "Name"; Value = "74HCT245D"; VariantName = "[No Variations]"
Change component parameters (AddParameter): Name = "Reference"; Value = "87-06-35"; VariantName = "[No Variations]"
Change component parameters (AddParameter): Name = "Supplier"; Value = "Lomex"; VariantName = "[No Variations]"
Change component parameters: Designator = "VR1" ("VR1"); Footprint = "PTV09A4020FB103"; UniqueID = "\SLCXYLXB" ("\SLCXYLXB")
Change component parameters (AddParameter): Name = "Arrow Part Number"; Value = "PTV09A-4020F-B104"; VariantName = "[No Variations]"
Change component parameters (AddParameter): Name = "Arrow Price/Stock"; Value = "https://www.arrow.com/en/products/ptv09a-4020f-b104/bourns?region=nac"; VariantName = "[No Variations]"
Change component parameters (AddParameter): Name = "Datasheet Link"; Value = "http://www.farnell.com/datasheets/2259384.pdf"; VariantName = "[No Variations]"
Change component parameters (AddParameter): Name = "Farnell Price/Stock"; Value = "https://hu.farnell.com/bourns/ptv09a-4020f-b104/pot-rotary-100kohm-9mm-20/dp/2469525"; VariantName = "[No Variations]"
Change component parameters (AddParameter): Name = "Manufacturer_Name"; Value = "Bourns"; VariantName = "[No Variations]"
Change component parameters (AddParameter): Name = "Name"; Value = "PTV09A-4020F-B104"; VariantName = "[No Variations]"
Change component parameters (AddParameter): Name = "Reference"; Value = "2469525"; VariantName = "[No Variations]"
Change component parameters (AddParameter): Name = "Supplier"; Value = "Farnell"; VariantName = "[No Variations]"
Change component parameters: Designator = "VR2" ("VR2"); Footprint = "PTV09A4020FB103"; UniqueID = "\TZLTLNHL" ("\TZLTLNHL")
Change component parameters (AddParameter): Name = "Arrow Part Number"; Value = "PTV09A-4020F-B104"; VariantName = "[No Variations]"
Change component parameters (AddParameter): Name = "Arrow Price/Stock"; Value = "https://www.arrow.com/en/products/ptv09a-4020f-b104/bourns?region=nac"; VariantName = "[No Variations]"
Change component parameters (AddParameter): Name = "Datasheet Link"; Value = "http://www.farnell.com/datasheets/2259384.pdf"; VariantName = "[No Variations]"
Change component parameters (AddParameter): Name = "Farnell Price/Stock"; Value = "https://hu.farnell.com/bourns/ptv09a-4020f-b104/pot-rotary-100kohm-9mm-20/dp/2469525"; VariantName = "[No Variations]"
Change component parameters (AddParameter): Name = "Manufacturer_Name"; Value = "Bourns"; VariantName = "[No Variations]"
Change component parameters (AddParameter): Name = "Name"; Value = "PTV09A-4020F-B104"; VariantName = "[No Variations]"
Change component parameters (AddParameter): Name = "Reference"; Value = "2469525"; VariantName = "[No Variations]"
Change component parameters (AddParameter): Name = "Supplier"; Value = "Farnell"; VariantName = "[No Variations]"
Change component parameters: Designator = "VR3" ("VR3"); Footprint = "RKT3296104W"; UniqueID = "\AQCUHFXG" ("\AQCUHFXG")
Change component parameters (AddParameter): Name = "Arrow Part Number"; Value = ""; VariantName = "[No Variations]"
Change component parameters (AddParameter): Name = "Arrow Price/Stock"; Value = ""; VariantName = "[No Variations]"
Change component parameters (AddParameter): Name = "Datasheet Link"; Value = "https://www.kingtronics.com/pdf/RKT-3296.pdf"; VariantName = "[No Variations]"
Change component parameters (AddParameter): Name = "Height"; Value = "10mm"; VariantName = "[No Variations]"
Change component parameters (AddParameter): Name = "Manufacturer_Name"; Value = "Kings Electronics"; VariantName = "[No Variations]"
Change component parameters (AddParameter): Name = "Manufacturer_Part_Number"; Value = "RKT3296-104-W"; VariantName = "[No Variations]"
Change component parameters (AddParameter): Name = "Mouser Part Number"; Value = ""; VariantName = "[No Variations]"
Change component parameters (AddParameter): Name = "Mouser Price/Stock"; Value = ""; VariantName = "[No Variations]"
Added Member To Class: ClassName=LCD Member=Component R10 1k
Added Member To Class: ClassName=LCD Member=Component R12 1k
Added Member To Class: ClassName=Inputs Member=Component R14 10k
Added Member To Class: ClassName=Inputs Member=Component R15 10k
Added Member To Class: ClassName=Inputs Member=Component R17 100
Added Member To Class: ClassName=Inputs Member=Component R19 100
