Removed Pin From Net: NetName=+5V Pin=DS1-1
Removed Pin From Net: NetName=GND Pin=DS1-2
Removed Pin From Net: NetName=NetDS1_3 Pin=DS1-3
Removed Pin From Net: NetName=NetDS1_4 Pin=DS1-4
Removed Pin From Net: NetName=NetDS1_5 Pin=DS1-5
Removed Pin From Net: NetName=NetDS1_6 Pin=DS1-6
Removed Pin From Net: NetName=NetDS1_7 Pin=DS1-7
Removed Pin From Net: NetName=NetDS1_8 Pin=DS1-8
Removed Pin From Net: NetName=NetDS1_9 Pin=DS1-9
Removed Pin From Net: NetName=NetDS1_10 Pin=DS1-10
Removed Pin From Net: NetName=NetDS1_11 Pin=DS1-11
Removed Pin From Net: NetName=NetDS1_12 Pin=DS1-12
Removed Pin From Net: NetName=NetDS1_13 Pin=DS1-13
Removed Pin From Net: NetName=NetDS1_14 Pin=DS1-14
Removed Pin From Net: NetName=NetDS1_15 Pin=DS1-15
Removed Pin From Net: NetName=NetDS1_16 Pin=DS1-16
Removed Pin From Net: NetName=NetDS1_17 Pin=DS1-17
Removed Pin From Net: NetName=NetDS1_18 Pin=DS1-18
Removed Pin From Net: NetName=+5V Pin=DS1-19
Removed Pin From Net: NetName=NetDS1_20 Pin=DS1-20
Added Component: Designator=DS1(RG12864BGHWV)
Add component (AddParameter): Name = "Arrow Part Number"; Value = ""; VariantName = "[No Variations]"
Add component (AddParameter): Name = "Arrow Price/Stock"; Value = ""; VariantName = "[No Variations]"
Add component (AddParameter): Name = "Datasheet Link"; Value = "https://www.tme.eu/Document/ad0edd8197c217e1346010bf2253878c/RG12864B-GHW-V.pdf"; VariantName = "[No Variations]"
Add component (AddParameter): Name = "Height"; Value = "5.9mm"; VariantName = "[No Variations]"
Add component (AddParameter): Name = "Manufacturer_Name"; Value = "RAYSTAR"; VariantName = "[No Variations]"
Add component (AddParameter): Name = "Manufacturer_Part_Number"; Value = "RG12864B-GHW-V"; VariantName = "[No Variations]"
Add component (AddParameter): Name = "Mouser Part Number"; Value = ""; VariantName = "[No Variations]"
Add component (AddParameter): Name = "Mouser Price/Stock"; Value = ""; VariantName = "[No Variations]"
Added Pin To Net: NetName=+5V Pin=DS1-1
Added Pin To Net: NetName=GND Pin=DS1-2
Added Pin To Net: NetName=NetDS1_3 Pin=DS1-3
Added Pin To Net: NetName=NetDS1_4 Pin=DS1-4
Added Pin To Net: NetName=NetDS1_5 Pin=DS1-5
Added Pin To Net: NetName=NetDS1_6 Pin=DS1-6
Added Pin To Net: NetName=NetDS1_7 Pin=DS1-7
Added Pin To Net: NetName=NetDS1_8 Pin=DS1-8
Added Pin To Net: NetName=NetDS1_9 Pin=DS1-9
Added Pin To Net: NetName=NetDS1_10 Pin=DS1-10
Added Pin To Net: NetName=NetDS1_11 Pin=DS1-11
Added Pin To Net: NetName=NetDS1_12 Pin=DS1-12
Added Pin To Net: NetName=NetDS1_13 Pin=DS1-13
Added Pin To Net: NetName=NetDS1_14 Pin=DS1-14
Added Pin To Net: NetName=NetDS1_15 Pin=DS1-15
Added Pin To Net: NetName=NetDS1_16 Pin=DS1-16
Added Pin To Net: NetName=NetDS1_17 Pin=DS1-17
Added Pin To Net: NetName=NetDS1_18 Pin=DS1-18
Added Pin To Net: NetName=+5V Pin=DS1-19
Added Pin To Net: NetName=NetDS1_20 Pin=DS1-20
