Removed Pin From Net: NetName=VR3_CW_2 Pin=JP1-1
Removed Pin From Net: NetName=GND Pin=JP1-2
Removed Pin From Net: NetName=VEE Pin=JP1-3
Removed Pin From Net: NetName=BTN1 Pin=R6-1
Removed Pin From Net: NetName=+3V3 Pin=R6-2
Removed Pin From Net: NetName=BTN2 Pin=R7-1
Removed Pin From Net: NetName=+3V3 Pin=R7-2
Removed Pin From Net: NetName=BTN3 Pin=R8-1
Removed Pin From Net: NetName=GND Pin=R9-1
Removed Pin From Net: NetName=NetC4_2 Pin=R9-2
Removed Pin From Net: NetName=GND Pin=R10-1
Removed Pin From Net: NetName=NetC5_2 Pin=R10-2
Removed Pin From Net: NetName=NetC6_2 Pin=R11-2
Removed Pin From Net: NetName=ADC1_IN13 Pin=VR1-2
Removed Pin From Net: NetName=ADC1_IN12 Pin=VR2-2
Removed Member From Class: ClassName=hat Member=B1
Removed Member From Class: ClassName=hat Member=B2
Removed Member From Class: ClassName=hat Member=B3
Removed Member From Class: ClassName=hat Member=C4
Removed Member From Class: ClassName=hat Member=C5
Removed Member From Class: ClassName=hat Member=C6
Removed Member From Class: ClassName=hat Member=JP1
Removed Member From Class: ClassName=hat Member=R8
Removed Member From Class: ClassName=hat Member=R9
Removed Member From Class: ClassName=hat Member=R10
Removed Member From Class: ClassName=hat Member=R11
Removed Member From Class: ClassName=hat Member=VR2
Change Component Comment : Designator=R6 Old Comment=10k New Comment=0
Change Component Comment : Designator=R7 Old Comment=10k New Comment=0
Change Component Comment : Designator=R9 Old Comment=100 New Comment=10k
Change Component Comment : Designator=R10 Old Comment=100 New Comment=10k
Change component parameters: Designator = "R6" ("R6"); Footprint = "FP_0805_RES"; UniqueID = "\RZLLBYLU" ("\RZLLBYLU")
Change component parameters (AddParameter): Name = "Name"; Value = ""; VariantName = "[No Variations]"
Change component parameters (AddParameter): Name = "Power"; Value = ""; VariantName = "[No Variations]"
Change component parameters (AddParameter): Name = "Reference"; Value = ""; VariantName = "[No Variations]"
Change component parameters (AddParameter): Name = "Supplier"; Value = ""; VariantName = "[No Variations]"
Change component parameters (AddParameter): Name = "Tolerance"; Value = ""; VariantName = "[No Variations]"
Change component parameters (AddParameter): Name = "Value"; Value = "0"; VariantName = "[No Variations]"
Change component parameters: Designator = "R7" ("R7"); Footprint = "FP_0805_RES"; UniqueID = "\GBKGMKHB" ("\GBKGMKHB")
Change component parameters (AddParameter): Name = "Name"; Value = ""; VariantName = "[No Variations]"
Change component parameters (AddParameter): Name = "Power"; Value = ""; VariantName = "[No Variations]"
Change component parameters (AddParameter): Name = "Reference"; Value = ""; VariantName = "[No Variations]"
Change component parameters (AddParameter): Name = "Supplier"; Value = ""; VariantName = "[No Variations]"
Change component parameters (AddParameter): Name = "Tolerance"; Value = ""; VariantName = "[No Variations]"
Change component parameters (AddParameter): Name = "Value"; Value = "0"; VariantName = "[No Variations]"
Change component parameters: Designator = "R9" ("R9"); Footprint = "FP_0805_RES"; UniqueID = "\RZPGYCAV" ("\RZPGYCAV")
Change component parameters (AddParameter): Name = "Name"; Value = ""; VariantName = "[No Variations]"
Change component parameters (AddParameter): Name = "Power"; Value = ""; VariantName = "[No Variations]"
Change component parameters (AddParameter): Name = "Reference"; Value = ""; VariantName = "[No Variations]"
Change component parameters (AddParameter): Name = "Supplier"; Value = ""; VariantName = "[No Variations]"
Change component parameters (AddParameter): Name = "Tolerance"; Value = ""; VariantName = "[No Variations]"
Change component parameters (AddParameter): Name = "Value"; Value = "10k"; VariantName = "[No Variations]"
Change component parameters: Designator = "R10" ("R10"); Footprint = "FP_0805_RES"; UniqueID = "\OCCHUMGV" ("\OCCHUMGV")
Change component parameters (AddParameter): Name = "Name"; Value = ""; VariantName = "[No Variations]"
Change component parameters (AddParameter): Name = "Power"; Value = ""; VariantName = "[No Variations]"
Change component parameters (AddParameter): Name = "Reference"; Value = ""; VariantName = "[No Variations]"
Change component parameters (AddParameter): Name = "Supplier"; Value = ""; VariantName = "[No Variations]"
Change component parameters (AddParameter): Name = "Tolerance"; Value = ""; VariantName = "[No Variations]"
Change component parameters (AddParameter): Name = "Value"; Value = "10k"; VariantName = "[No Variations]"
Added Component: Designator=R20(FP_0805_RES)
Add component (AddParameter): Name = "Name"; Value = ""; VariantName = "[No Variations]"
Add component (AddParameter): Name = "Power"; Value = ""; VariantName = "[No Variations]"
Add component (AddParameter): Name = "Reference"; Value = ""; VariantName = "[No Variations]"
Add component (AddParameter): Name = "Supplier"; Value = ""; VariantName = "[No Variations]"
Add component (AddParameter): Name = "Tolerance"; Value = ""; VariantName = "[No Variations]"
Add component (AddParameter): Name = "Value"; Value = "100"; VariantName = "[No Variations]"
Added Component: Designator=R21(FP_0805_RES)
Add component (AddParameter): Name = "Name"; Value = ""; VariantName = "[No Variations]"
Add component (AddParameter): Name = "Power"; Value = ""; VariantName = "[No Variations]"
Add component (AddParameter): Name = "Reference"; Value = ""; VariantName = "[No Variations]"
Add component (AddParameter): Name = "Supplier"; Value = ""; VariantName = "[No Variations]"
Add component (AddParameter): Name = "Tolerance"; Value = ""; VariantName = "[No Variations]"
Add component (AddParameter): Name = "Value"; Value = "100"; VariantName = "[No Variations]"
Added Pin To Net: NetName=VEE Pin=R6-1
Added Pin To Net: NetName=VR3_CW_2 Pin=R6-2
Added Pin To Net: NetName=GND Pin=R7-1
Added Pin To Net: NetName=VR3_CW_2 Pin=R7-2
Added Pin To Net: NetName=BTN1 Pin=R8-1
Added Pin To Net: NetName=BTN2 Pin=R9-1
Added Pin To Net: NetName=+3V3 Pin=R9-2
Added Pin To Net: NetName=BTN3 Pin=R10-1
Added Pin To Net: NetName=+3V3 Pin=R10-2
Added Pin To Net: NetName=NetC4_2 Pin=R11-2
Added Pin To Net: NetName=GND Pin=R20-1
Added Pin To Net: NetName=NetC5_2 Pin=R20-2
Added Pin To Net: NetName=GND Pin=R21-1
Added Pin To Net: NetName=NetC6_2 Pin=R21-2
Added Pin To Net: NetName=ADC1_IN12 Pin=VR1-2
Added Pin To Net: NetName=ADC1_IN13 Pin=VR2-2
Change Net Name : Old Net Name=LCD_DB0 New Net Name=LCD_DB7
Change Net Name : Old Net Name=LCD_DB1 New Net Name=LCD_DB6
Change Net Name : Old Net Name=LCD_DB2 New Net Name=LCD_DB5
Change Net Name : Old Net Name=LCD_DB3 New Net Name=LCD_DB4
Change Net Name : Old Net Name=LCD_DB4 New Net Name=LCD_DB3
Change Net Name : Old Net Name=LCD_DB5 New Net Name=LCD_DB2
Change Net Name : Old Net Name=LCD_DB6 New Net Name=LCD_DB1
Change Net Name : Old Net Name=LCD_DB7 New Net Name=LCD_DB0
Change Net Name : Old Net Name=NetDS1_3 New Net Name=VO
Change Net Name : Old Net Name=NetDS1_20 New Net Name=K
Change Class Name : Old Net Name=hat New Net Name=LCD
Added Class: Name=Btn&poti
