Added Component: Designator=B1(FP_BTN_SMD)
Add component (AddParameter): Name = "Name"; Value = ""; VariantName = "[No Variations]"
Add component (AddParameter): Name = "Reference"; Value = ""; VariantName = "[No Variations]"
Add component (AddParameter): Name = "Supplier"; Value = ""; VariantName = "[No Variations]"
Added Component: Designator=C1(FP_0805_CAP_085)
Add component (AddParameter): Name = "Name"; Value = ""; VariantName = "[No Variations]"
Add component (AddParameter): Name = "Reference"; Value = ""; VariantName = "[No Variations]"
Add component (AddParameter): Name = "Supplier"; Value = ""; VariantName = "[No Variations]"
Add component (AddParameter): Name = "Tolerance"; Value = ""; VariantName = "[No Variations]"
Add component (AddParameter): Name = "Value"; Value = "100n"; VariantName = "[No Variations]"
Add component (AddParameter): Name = "Voltage"; Value = ""; VariantName = "[No Variations]"
Added Component: Designator=C2(FP_0805_CAP_085)
Add component (AddParameter): Name = "Name"; Value = ""; VariantName = "[No Variations]"
Add component (AddParameter): Name = "Reference"; Value = ""; VariantName = "[No Variations]"
Add component (AddParameter): Name = "Supplier"; Value = ""; VariantName = "[No Variations]"
Add component (AddParameter): Name = "Tolerance"; Value = ""; VariantName = "[No Variations]"
Add component (AddParameter): Name = "Value"; Value = "100n"; VariantName = "[No Variations]"
Add component (AddParameter): Name = "Voltage"; Value = ""; VariantName = "[No Variations]"
Added Component: Designator=C3(FP_0805_CAP_085)
Add component (AddParameter): Name = "Name"; Value = ""; VariantName = "[No Variations]"
Add component (AddParameter): Name = "Reference"; Value = ""; VariantName = "[No Variations]"
Add component (AddParameter): Name = "Supplier"; Value = ""; VariantName = "[No Variations]"
Add component (AddParameter): Name = "Tolerance"; Value = ""; VariantName = "[No Variations]"
Add component (AddParameter): Name = "Value"; Value = "100n"; VariantName = "[No Variations]"
Add component (AddParameter): Name = "Voltage"; Value = ""; VariantName = "[No Variations]"
Added Component: Designator=DS1(RG12864BGHWV)
Add component (AddParameter): Name = "Arrow Part Number"; Value = ""; VariantName = "[No Variations]"
Add component (AddParameter): Name = "Arrow Price/Stock"; Value = ""; VariantName = "[No Variations]"
Add component (AddParameter): Name = "Datasheet Link"; Value = "https://www.tme.eu/Document/ad0edd8197c217e1346010bf2253878c/RG12864B-GHW-V.pdf"; VariantName = "[No Variations]"
Add component (AddParameter): Name = "Height"; Value = "5.9mm"; VariantName = "[No Variations]"
Add component (AddParameter): Name = "Manufacturer_Name"; Value = "RAYSTAR"; VariantName = "[No Variations]"
Add component (AddParameter): Name = "Manufacturer_Part_Number"; Value = "RG12864B-GHW-V"; VariantName = "[No Variations]"
Add component (AddParameter): Name = "Mouser Part Number"; Value = ""; VariantName = "[No Variations]"
Add component (AddParameter): Name = "Mouser Price/Stock"; Value = ""; VariantName = "[No Variations]"
Added Component: Designator=IC1(SOIC127P1032X265-20N)
Add component (AddParameter): Name = "Arrow Part Number"; Value = "74HCT245D,653"; VariantName = "[No Variations]"
Add component (AddParameter): Name = "Arrow Price/Stock"; Value = "https://www.arrow.com/en/products/74hct245d653/nexperia?region=europe"; VariantName = "[No Variations]"
Add component (AddParameter): Name = "Datasheet Link"; Value = "https://assets.nexperia.com/documents/data-sheet/74HC_HCT245.pdf"; VariantName = "[No Variations]"
Add component (AddParameter): Name = "Height"; Value = "2.65mm"; VariantName = "[No Variations]"
Add component (AddParameter): Name = "Manufacturer_Name"; Value = "Nexperia"; VariantName = "[No Variations]"
Add component (AddParameter): Name = "Manufacturer_Part_Number"; Value = "74HCT245D,653"; VariantName = "[No Variations]"
Add component (AddParameter): Name = "Mouser Part Number"; Value = "771-74HCT245D-T"; VariantName = "[No Variations]"
Add component (AddParameter): Name = "Mouser Price/Stock"; Value = "https://www.mouser.co.uk/ProductDetail/Nexperia/74HCT245D653?qs=P62ublwmbi%2FKRO6CQW%252BPyg%3D%3D"; VariantName = "[No Variations]"
Added Component: Designator=IC2(TSOP65P640X110-20N)
Add component (AddParameter): Name = "Name"; Value = ""; VariantName = "[No Variations]"
Add component (AddParameter): Name = "Reference"; Value = ""; VariantName = "[No Variations]"
Add component (AddParameter): Name = "Supplier"; Value = ""; VariantName = "[No Variations]"
Added Component: Designator=JP1(FP_CONN3_TUSKE_254MM)
Add component (AddParameter): Name = "Name"; Value = ""; VariantName = "[No Variations]"
Add component (AddParameter): Name = "Reference"; Value = ""; VariantName = "[No Variations]"
Add component (AddParameter): Name = "Supplier"; Value = ""; VariantName = "[No Variations]"
Added Component: Designator=Q1(FP_SOT23-3)
Add component (AddParameter): Name = "Name"; Value = ""; VariantName = "[No Variations]"
Add component (AddParameter): Name = "Reference"; Value = ""; VariantName = "[No Variations]"
Add component (AddParameter): Name = "Supplier"; Value = ""; VariantName = "[No Variations]"
Added Component: Designator=R1(FP_0805_RES)
Add component (AddParameter): Name = "Name"; Value = ""; VariantName = "[No Variations]"
Add component (AddParameter): Name = "Power"; Value = ""; VariantName = "[No Variations]"
Add component (AddParameter): Name = "Reference"; Value = ""; VariantName = "[No Variations]"
Add component (AddParameter): Name = "Supplier"; Value = ""; VariantName = "[No Variations]"
Add component (AddParameter): Name = "Tolerance"; Value = ""; VariantName = "[No Variations]"
Add component (AddParameter): Name = "Value"; Value = "10k"; VariantName = "[No Variations]"
Added Component: Designator=R2(FP_0805_RES)
Add component (AddParameter): Name = "Name"; Value = ""; VariantName = "[No Variations]"
Add component (AddParameter): Name = "Power"; Value = ""; VariantName = "[No Variations]"
Add component (AddParameter): Name = "Reference"; Value = ""; VariantName = "[No Variations]"
Add component (AddParameter): Name = "Supplier"; Value = ""; VariantName = "[No Variations]"
Add component (AddParameter): Name = "Tolerance"; Value = ""; VariantName = "[No Variations]"
Add component (AddParameter): Name = "Value"; Value = "10k"; VariantName = "[No Variations]"
Added Component: Designator=R3(FP_0805_RES)
Add component (AddParameter): Name = "Name"; Value = ""; VariantName = "[No Variations]"
Add component (AddParameter): Name = "Power"; Value = ""; VariantName = "[No Variations]"
Add component (AddParameter): Name = "Reference"; Value = ""; VariantName = "[No Variations]"
Add component (AddParameter): Name = "Supplier"; Value = ""; VariantName = "[No Variations]"
Add component (AddParameter): Name = "Tolerance"; Value = ""; VariantName = "[No Variations]"
Add component (AddParameter): Name = "Value"; Value = "10k"; VariantName = "[No Variations]"
Added Component: Designator=R4(FP_0805_RES)
Add component (AddParameter): Name = "Name"; Value = ""; VariantName = "[No Variations]"
Add component (AddParameter): Name = "Power"; Value = ""; VariantName = "[No Variations]"
Add component (AddParameter): Name = "Reference"; Value = ""; VariantName = "[No Variations]"
Add component (AddParameter): Name = "Supplier"; Value = ""; VariantName = "[No Variations]"
Add component (AddParameter): Name = "Tolerance"; Value = ""; VariantName = "[No Variations]"
Add component (AddParameter): Name = "Value"; Value = "100"; VariantName = "[No Variations]"
Added Component: Designator=R5(FP_0805_RES)
Add component (AddParameter): Name = "Name"; Value = ""; VariantName = "[No Variations]"
Add component (AddParameter): Name = "Power"; Value = ""; VariantName = "[No Variations]"
Add component (AddParameter): Name = "Reference"; Value = ""; VariantName = "[No Variations]"
Add component (AddParameter): Name = "Supplier"; Value = ""; VariantName = "[No Variations]"
Add component (AddParameter): Name = "Tolerance"; Value = ""; VariantName = "[No Variations]"
Add component (AddParameter): Name = "Value"; Value = "1k"; VariantName = "[No Variations]"
Added Component: Designator=R6(FP_0805_RES)
Add component (AddParameter): Name = "Name"; Value = ""; VariantName = "[No Variations]"
Add component (AddParameter): Name = "Power"; Value = ""; VariantName = "[No Variations]"
Add component (AddParameter): Name = "Reference"; Value = ""; VariantName = "[No Variations]"
Add component (AddParameter): Name = "Supplier"; Value = ""; VariantName = "[No Variations]"
Add component (AddParameter): Name = "Tolerance"; Value = ""; VariantName = "[No Variations]"
Add component (AddParameter): Name = "Value"; Value = "10k"; VariantName = "[No Variations]"
Added Component: Designator=R7(FP_0805_RES)
Add component (AddParameter): Name = "Name"; Value = ""; VariantName = "[No Variations]"
Add component (AddParameter): Name = "Power"; Value = ""; VariantName = "[No Variations]"
Add component (AddParameter): Name = "Reference"; Value = ""; VariantName = "[No Variations]"
Add component (AddParameter): Name = "Supplier"; Value = ""; VariantName = "[No Variations]"
Add component (AddParameter): Name = "Tolerance"; Value = ""; VariantName = "[No Variations]"
Add component (AddParameter): Name = "Value"; Value = "1k"; VariantName = "[No Variations]"
Added Component: Designator=R8(FP_0805_RES)
Add component (AddParameter): Name = "Name"; Value = ""; VariantName = "[No Variations]"
Add component (AddParameter): Name = "Power"; Value = ""; VariantName = "[No Variations]"
Add component (AddParameter): Name = "Reference"; Value = ""; VariantName = "[No Variations]"
Add component (AddParameter): Name = "Supplier"; Value = ""; VariantName = "[No Variations]"
Add component (AddParameter): Name = "Tolerance"; Value = ""; VariantName = "[No Variations]"
Add component (AddParameter): Name = "Value"; Value = "1k"; VariantName = "[No Variations]"
Added Component: Designator=R9(FP_0805_RES)
Add component (AddParameter): Name = "Name"; Value = ""; VariantName = "[No Variations]"
Add component (AddParameter): Name = "Power"; Value = ""; VariantName = "[No Variations]"
Add component (AddParameter): Name = "Reference"; Value = ""; VariantName = "[No Variations]"
Add component (AddParameter): Name = "Supplier"; Value = ""; VariantName = "[No Variations]"
Add component (AddParameter): Name = "Tolerance"; Value = ""; VariantName = "[No Variations]"
Add component (AddParameter): Name = "Value"; Value = "1k"; VariantName = "[No Variations]"
Added Component: Designator=R10(FP_0805_RES)
Add component (AddParameter): Name = "Name"; Value = ""; VariantName = "[No Variations]"
Add component (AddParameter): Name = "Power"; Value = ""; VariantName = "[No Variations]"
Add component (AddParameter): Name = "Reference"; Value = ""; VariantName = "[No Variations]"
Add component (AddParameter): Name = "Supplier"; Value = ""; VariantName = "[No Variations]"
Add component (AddParameter): Name = "Tolerance"; Value = ""; VariantName = "[No Variations]"
Add component (AddParameter): Name = "Value"; Value = "1k"; VariantName = "[No Variations]"
Added Component: Designator=R11(FP_0805_RES)
Add component (AddParameter): Name = "Name"; Value = ""; VariantName = "[No Variations]"
Add component (AddParameter): Name = "Power"; Value = ""; VariantName = "[No Variations]"
Add component (AddParameter): Name = "Reference"; Value = ""; VariantName = "[No Variations]"
Add component (AddParameter): Name = "Supplier"; Value = ""; VariantName = "[No Variations]"
Add component (AddParameter): Name = "Tolerance"; Value = ""; VariantName = "[No Variations]"
Add component (AddParameter): Name = "Value"; Value = "1k"; VariantName = "[No Variations]"
Added Component: Designator=R12(FP_0805_RES)
Add component (AddParameter): Name = "Name"; Value = ""; VariantName = "[No Variations]"
Add component (AddParameter): Name = "Power"; Value = ""; VariantName = "[No Variations]"
Add component (AddParameter): Name = "Reference"; Value = ""; VariantName = "[No Variations]"
Add component (AddParameter): Name = "Supplier"; Value = ""; VariantName = "[No Variations]"
Add component (AddParameter): Name = "Tolerance"; Value = ""; VariantName = "[No Variations]"
Add component (AddParameter): Name = "Value"; Value = "1k"; VariantName = "[No Variations]"
Added Component: Designator=R13(FP_0805_RES)
Add component (AddParameter): Name = "Name"; Value = ""; VariantName = "[No Variations]"
Add component (AddParameter): Name = "Power"; Value = ""; VariantName = "[No Variations]"
Add component (AddParameter): Name = "Reference"; Value = ""; VariantName = "[No Variations]"
Add component (AddParameter): Name = "Supplier"; Value = ""; VariantName = "[No Variations]"
Add component (AddParameter): Name = "Tolerance"; Value = ""; VariantName = "[No Variations]"
Add component (AddParameter): Name = "Value"; Value = "1k"; VariantName = "[No Variations]"
Added Component: Designator=R14(FP_0805_RES)
Add component (AddParameter): Name = "Name"; Value = ""; VariantName = "[No Variations]"
Add component (AddParameter): Name = "Power"; Value = ""; VariantName = "[No Variations]"
Add component (AddParameter): Name = "Reference"; Value = ""; VariantName = "[No Variations]"
Add component (AddParameter): Name = "Supplier"; Value = ""; VariantName = "[No Variations]"
Add component (AddParameter): Name = "Tolerance"; Value = ""; VariantName = "[No Variations]"
Add component (AddParameter): Name = "Value"; Value = "1k"; VariantName = "[No Variations]"
Added Component: Designator=VR1(PTV09A4020FB103)
Add component (AddParameter): Name = "Arrow Part Number"; Value = "PTV09A-4020F-B104"; VariantName = "[No Variations]"
Add component (AddParameter): Name = "Arrow Price/Stock"; Value = "https://www.arrow.com/en/products/ptv09a-4020f-b104/bourns?region=nac"; VariantName = "[No Variations]"
Add component (AddParameter): Name = "Datasheet Link"; Value = "http://www.farnell.com/datasheets/2259384.pdf"; VariantName = "[No Variations]"
Add component (AddParameter): Name = "Manufacturer_Name"; Value = "Bourns"; VariantName = "[No Variations]"
Add component (AddParameter): Name = "Manufacturer_Part_Number"; Value = "PTV09A-4020F-B104"; VariantName = "[No Variations]"
Add component (AddParameter): Name = "Mouser Part Number"; Value = "652-PTV09A-4020FB104"; VariantName = "[No Variations]"
Add component (AddParameter): Name = "Mouser Price/Stock"; Value = "https://www.mouser.co.uk/ProductDetail/Bourns/PTV09A-4020F-B104?qs=Qzws7J6gxqwTQanrz88HwA%3D%3D"; VariantName = "[No Variations]"
Added Component: Designator=VR2(PTV09A4020FB103)
Add component (AddParameter): Name = "Arrow Part Number"; Value = "PTV09A-4020F-B104"; VariantName = "[No Variations]"
Add component (AddParameter): Name = "Arrow Price/Stock"; Value = "https://www.arrow.com/en/products/ptv09a-4020f-b104/bourns?region=nac"; VariantName = "[No Variations]"
Add component (AddParameter): Name = "Datasheet Link"; Value = "http://www.farnell.com/datasheets/2259384.pdf"; VariantName = "[No Variations]"
Add component (AddParameter): Name = "Manufacturer_Name"; Value = "Bourns"; VariantName = "[No Variations]"
Add component (AddParameter): Name = "Manufacturer_Part_Number"; Value = "PTV09A-4020F-B104"; VariantName = "[No Variations]"
Add component (AddParameter): Name = "Mouser Part Number"; Value = "652-PTV09A-4020FB104"; VariantName = "[No Variations]"
Add component (AddParameter): Name = "Mouser Price/Stock"; Value = "https://www.mouser.co.uk/ProductDetail/Bourns/PTV09A-4020F-B104?qs=Qzws7J6gxqwTQanrz88HwA%3D%3D"; VariantName = "[No Variations]"
Added Component: Designator=VR3(RKT3296104W)
Add component (AddParameter): Name = "Arrow Part Number"; Value = ""; VariantName = "[No Variations]"
Add component (AddParameter): Name = "Arrow Price/Stock"; Value = ""; VariantName = "[No Variations]"
Add component (AddParameter): Name = "Datasheet Link"; Value = "https://www.kingtronics.com/pdf/RKT-3296.pdf"; VariantName = "[No Variations]"
Add component (AddParameter): Name = "Height"; Value = "10mm"; VariantName = "[No Variations]"
Add component (AddParameter): Name = "Manufacturer_Name"; Value = "Kings Electronics"; VariantName = "[No Variations]"
Add component (AddParameter): Name = "Manufacturer_Part_Number"; Value = "RKT3296-104-W"; VariantName = "[No Variations]"
Add component (AddParameter): Name = "Mouser Part Number"; Value = ""; VariantName = "[No Variations]"
Add component (AddParameter): Name = "Mouser Price/Stock"; Value = ""; VariantName = "[No Variations]"
Added Pin To Net: NetName=+3V3 Pin=R1-2
Added Pin To Net: NetName=+3V3 Pin=U1-16
Added Pin To Net: NetName=+3V3 Pin=VR1-1
Added Pin To Net: NetName=+3V3 Pin=VR2-1
Added Net: Name=+3V3
Added Pin To Net: NetName=+5V Pin=C1-2
Added Pin To Net: NetName=+5V Pin=C2-1
Added Pin To Net: NetName=+5V Pin=C3-2
Added Pin To Net: NetName=+5V Pin=DS1-1
Added Pin To Net: NetName=+5V Pin=DS1-19
Added Pin To Net: NetName=+5V Pin=IC1-20
Added Pin To Net: NetName=+5V Pin=IC2-20
Added Pin To Net: NetName=+5V Pin=R2-2
Added Pin To Net: NetName=+5V Pin=U1-18
Added Pin To Net: NetName=+5V Pin=VR3-1
Added Net: Name=+5V
Added Pin To Net: NetName=CS1 Pin=DS1-12
Added Pin To Net: NetName=CS1 Pin=IC2-9
Added Net: Name=CS1
Added Pin To Net: NetName=CS2 Pin=DS1-13
Added Pin To Net: NetName=CS2 Pin=IC2-7
Added Net: Name=CS2
Added Pin To Net: NetName=D/I Pin=DS1-16
Added Pin To Net: NetName=D/I Pin=IC2-16
Added Net: Name=D/I
Added Pin To Net: NetName=DB0 Pin=DS1-4
Added Pin To Net: NetName=DB0 Pin=IC1-2
Added Net: Name=DB0
Added Pin To Net: NetName=DB1 Pin=DS1-5
Added Pin To Net: NetName=DB1 Pin=IC1-3
Added Net: Name=DB1
Added Pin To Net: NetName=DB2 Pin=DS1-6
Added Pin To Net: NetName=DB2 Pin=IC1-4
Added Net: Name=DB2
Added Pin To Net: NetName=DB3 Pin=DS1-7
Added Pin To Net: NetName=DB3 Pin=IC1-5
Added Net: Name=DB3
Added Pin To Net: NetName=DB4 Pin=DS1-8
Added Pin To Net: NetName=DB4 Pin=IC1-6
Added Net: Name=DB4
Added Pin To Net: NetName=DB5 Pin=DS1-9
Added Pin To Net: NetName=DB5 Pin=IC1-7
Added Net: Name=DB5
Added Pin To Net: NetName=DB6 Pin=DS1-10
Added Pin To Net: NetName=DB6 Pin=IC1-8
Added Net: Name=DB6
Added Pin To Net: NetName=DB7 Pin=DS1-11
Added Pin To Net: NetName=DB7 Pin=IC1-9
Added Net: Name=DB7
Added Pin To Net: NetName=E Pin=DS1-17
Added Pin To Net: NetName=E Pin=IC2-18
Added Net: Name=E
Added Pin To Net: NetName=GND Pin=B1-1
Added Pin To Net: NetName=GND Pin=B1-2
Added Pin To Net: NetName=GND Pin=C1-1
Added Pin To Net: NetName=GND Pin=C2-2
Added Pin To Net: NetName=GND Pin=C3-1
Added Pin To Net: NetName=GND Pin=DS1-2
Added Pin To Net: NetName=GND Pin=IC1-10
Added Pin To Net: NetName=GND Pin=IC2-10
Added Pin To Net: NetName=GND Pin=IC2-15
Added Pin To Net: NetName=GND Pin=IC2-17
Added Pin To Net: NetName=GND Pin=JP1-2
Added Pin To Net: NetName=GND Pin=R3-1
Added Pin To Net: NetName=GND Pin=R6-1
Added Pin To Net: NetName=GND Pin=U1-8
Added Pin To Net: NetName=GND Pin=U1-19
Added Pin To Net: NetName=GND Pin=U1-20
Added Pin To Net: NetName=GND Pin=U1-22
Added Pin To Net: NetName=GND Pin=U1-47
Added Pin To Net: NetName=GND Pin=U1-58
Added Pin To Net: NetName=GND Pin=U1-70
Added Pin To Net: NetName=GND Pin=VR1-3
Added Pin To Net: NetName=GND Pin=VR2-3
Added Pin To Net: NetName=GND Pin=Q1-2
Added Net: Name=GND
Added Pin To Net: NetName=NetB1_3 Pin=B1-3
Added Pin To Net: NetName=NetB1_3 Pin=B1-4
Added Pin To Net: NetName=NetB1_3 Pin=R1-1
Added Pin To Net: NetName=NetB1_3 Pin=U1-1
Added Net: Name=NetB1_3
Added Pin To Net: NetName=NetDS1_3 Pin=DS1-3
Added Pin To Net: NetName=NetDS1_3 Pin=VR3-2
Added Net: Name=NetDS1_3
Added Pin To Net: NetName=NetDS1_20 Pin=DS1-20
Added Pin To Net: NetName=NetDS1_20 Pin=R4-2
Added Net: Name=NetDS1_20
Added Pin To Net: NetName=NetIC1_1 Pin=IC1-1
Added Pin To Net: NetName=NetIC1_1 Pin=IC2-6
Added Pin To Net: NetName=NetIC1_1 Pin=U1-49
Added Net: Name=NetIC1_1
Added Pin To Net: NetName=NetIC1_11 Pin=IC1-11
Added Pin To Net: NetName=NetIC1_11 Pin=R14-2
Added Net: Name=NetIC1_11
Added Pin To Net: NetName=NetIC1_12 Pin=IC1-12
Added Pin To Net: NetName=NetIC1_12 Pin=R13-2
Added Net: Name=NetIC1_12
Added Pin To Net: NetName=NetIC1_13 Pin=IC1-13
Added Pin To Net: NetName=NetIC1_13 Pin=R12-2
Added Net: Name=NetIC1_13
Added Pin To Net: NetName=NetIC1_14 Pin=IC1-14
Added Pin To Net: NetName=NetIC1_14 Pin=R11-2
Added Net: Name=NetIC1_14
Added Pin To Net: NetName=NetIC1_15 Pin=IC1-15
Added Pin To Net: NetName=NetIC1_15 Pin=R10-2
Added Net: Name=NetIC1_15
Added Pin To Net: NetName=NetIC1_16 Pin=IC1-16
Added Pin To Net: NetName=NetIC1_16 Pin=R9-2
Added Net: Name=NetIC1_16
Added Pin To Net: NetName=NetIC1_17 Pin=IC1-17
Added Pin To Net: NetName=NetIC1_17 Pin=R8-2
Added Net: Name=NetIC1_17
Added Pin To Net: NetName=NetIC1_18 Pin=IC1-18
Added Pin To Net: NetName=NetIC1_18 Pin=R7-2
Added Net: Name=NetIC1_18
Added Pin To Net: NetName=NetIC1_19 Pin=IC1-19
Added Pin To Net: NetName=NetIC1_19 Pin=IC2-1
Added Pin To Net: NetName=NetIC1_19 Pin=IC2-19
Added Pin To Net: NetName=NetIC1_19 Pin=R2-1
Added Pin To Net: NetName=NetIC1_19 Pin=U1-71
Added Net: Name=NetIC1_19
Added Pin To Net: NetName=NetIC2_2 Pin=IC2-2
Added Pin To Net: NetName=NetIC2_2 Pin=U1-43
Added Net: Name=NetIC2_2
Added Pin To Net: NetName=NetIC2_4 Pin=IC2-4
Added Pin To Net: NetName=NetIC2_4 Pin=U1-42
Added Net: Name=NetIC2_4
Added Pin To Net: NetName=NetIC2_8 Pin=IC2-8
Added Pin To Net: NetName=NetIC2_8 Pin=U1-51
Added Net: Name=NetIC2_8
Added Pin To Net: NetName=NetIC2_11 Pin=IC2-11
Added Pin To Net: NetName=NetIC2_11 Pin=U1-41
Added Net: Name=NetIC2_11
Added Pin To Net: NetName=NetIC2_13 Pin=IC2-13
Added Pin To Net: NetName=NetIC2_13 Pin=U1-40
Added Net: Name=NetIC2_13
Added Pin To Net: NetName=NetQ1_1 Pin=Q1-1
Added Pin To Net: NetName=NetQ1_1 Pin=R5-2
Added Pin To Net: NetName=NetQ1_1 Pin=R6-2
Added Net: Name=NetQ1_1
Added Pin To Net: NetName=NetQ1_2 Pin=R4-1
Added Pin To Net: NetName=NetQ1_2 Pin=Q1-3
Added Net: Name=NetQ1_2
Added Pin To Net: NetName=NetR5_1 Pin=R5-1
Added Pin To Net: NetName=NetR5_1 Pin=U1-39
Added Net: Name=NetR5_1
Added Pin To Net: NetName=NetR7_1 Pin=R7-1
Added Pin To Net: NetName=NetR7_1 Pin=U1-67
Added Net: Name=NetR7_1
Added Pin To Net: NetName=NetR8_1 Pin=R8-1
Added Pin To Net: NetName=NetR8_1 Pin=U1-65
Added Net: Name=NetR8_1
Added Pin To Net: NetName=NetR9_1 Pin=R9-1
Added Pin To Net: NetName=NetR9_1 Pin=U1-63
Added Net: Name=NetR9_1
Added Pin To Net: NetName=NetR10_1 Pin=R10-1
Added Pin To Net: NetName=NetR10_1 Pin=U1-61
Added Net: Name=NetR10_1
Added Pin To Net: NetName=NetR11_1 Pin=R11-1
Added Pin To Net: NetName=NetR11_1 Pin=U1-59
Added Net: Name=NetR11_1
Added Pin To Net: NetName=NetR12_1 Pin=R12-1
Added Pin To Net: NetName=NetR12_1 Pin=U1-57
Added Net: Name=NetR12_1
Added Pin To Net: NetName=NetR13_1 Pin=R13-1
Added Pin To Net: NetName=NetR13_1 Pin=U1-55
Added Net: Name=NetR13_1
Added Pin To Net: NetName=NetR14_1 Pin=R14-1
Added Pin To Net: NetName=NetR14_1 Pin=U1-53
Added Net: Name=NetR14_1
Added Pin To Net: NetName=NetU1_3 Pin=U1-3
Added Pin To Net: NetName=NetU1_3 Pin=VR1-2
Added Net: Name=NetU1_3
Added Pin To Net: NetName=NetU1_25 Pin=U1-25
Added Pin To Net: NetName=NetU1_25 Pin=VR2-2
Added Net: Name=NetU1_25
Added Pin To Net: NetName=R/W Pin=DS1-15
Added Pin To Net: NetName=R/W Pin=IC2-14
Added Net: Name=R/W
Added Pin To Net: NetName=RST Pin=DS1-14
Added Pin To Net: NetName=RST Pin=IC2-12
Added Pin To Net: NetName=RST Pin=R3-2
Added Net: Name=RST
Added Pin To Net: NetName=VEE Pin=DS1-18
Added Pin To Net: NetName=VEE Pin=JP1-3
Added Net: Name=VEE
Added Pin To Net: NetName=VR3_CW_2 Pin=JP1-1
Added Pin To Net: NetName=VR3_CW_2 Pin=VR3-3
Added Net: Name=VR3_CW_2
Added Class: Name=hat
