Removed Pin From Net: NetName=VR3_CW_2 Pin=JP1-1
Removed Pin From Net: NetName=GND Pin=JP1-2
Removed Pin From Net: NetName=VEE Pin=JP1-3
Removed Pin From Net: NetName=BTN1 Pin=R6-1
Removed Pin From Net: NetName=+3V3 Pin=R6-2
Removed Pin From Net: NetName=BTN2 Pin=R7-1
Removed Pin From Net: NetName=+3V3 Pin=R7-2
Removed Pin From Net: NetName=BTN3 Pin=R8-1
Removed Pin From Net: NetName=GND Pin=R9-1
Removed Pin From Net: NetName=NetC4_2 Pin=R9-2
Removed Pin From Net: NetName=GND Pin=R10-1
Removed Pin From Net: NetName=NetC5_2 Pin=R10-2
Removed Pin From Net: NetName=NetC6_2 Pin=R11-2
Removed Pin From Net: NetName=ADC1_IN13 Pin=VR1-2
Removed Pin From Net: NetName=ADC1_IN12 Pin=VR2-2
Change Component Comment : Designator=R6 Old Comment=10k New Comment=0
Change Component Comment : Designator=R7 Old Comment=10k New Comment=0
Change Component Comment : Designator=R9 Old Comment=100 New Comment=10k
Change Component Comment : Designator=R10 Old Comment=100 New Comment=10k
Change Component Designator: OldDesignator=R6 NewDesignator=R20
Change Component Designator: OldDesignator=R7 NewDesignator=R21
Change Component Designator: OldDesignator=R8 NewDesignator=R6
Change Component Designator: OldDesignator=R9 NewDesignator=R7
Change Component Designator: OldDesignator=R10 NewDesignator=R8
Change Component Designator: OldDesignator=R11 NewDesignator=R9
Added Component: Designator=R10(FP_0805_RES)
Add component (AddParameter): Name = "Name"; Value = ""; VariantName = "[No Variations]"
Add component (AddParameter): Name = "Power"; Value = ""; VariantName = "[No Variations]"
Add component (AddParameter): Name = "Reference"; Value = ""; VariantName = "[No Variations]"
Add component (AddParameter): Name = "Supplier"; Value = ""; VariantName = "[No Variations]"
Add component (AddParameter): Name = "Tolerance"; Value = ""; VariantName = "[No Variations]"
Add component (AddParameter): Name = "Value"; Value = "100"; VariantName = "[No Variations]"
Added Component: Designator=R11(FP_0805_RES)
Add component (AddParameter): Name = "Name"; Value = ""; VariantName = "[No Variations]"
Add component (AddParameter): Name = "Power"; Value = ""; VariantName = "[No Variations]"
Add component (AddParameter): Name = "Reference"; Value = ""; VariantName = "[No Variations]"
Add component (AddParameter): Name = "Supplier"; Value = ""; VariantName = "[No Variations]"
Add component (AddParameter): Name = "Tolerance"; Value = ""; VariantName = "[No Variations]"
Add component (AddParameter): Name = "Value"; Value = "100"; VariantName = "[No Variations]"
Added Pin To Net: NetName=BTN1 Pin=R6-1
Added Pin To Net: NetName=BTN2 Pin=R7-1
Added Pin To Net: NetName=+3V3 Pin=R7-2
Added Pin To Net: NetName=BTN3 Pin=R8-1
Added Pin To Net: NetName=+3V3 Pin=R8-2
Added Pin To Net: NetName=NetC4_2 Pin=R9-2
Added Pin To Net: NetName=GND Pin=R10-1
Added Pin To Net: NetName=NetC5_2 Pin=R10-2
Added Pin To Net: NetName=GND Pin=R11-1
Added Pin To Net: NetName=NetC6_2 Pin=R11-2
Added Pin To Net: NetName=VEE Pin=R20-1
Added Pin To Net: NetName=VR3_CW_2 Pin=R20-2
Added Pin To Net: NetName=GND Pin=R21-1
Added Pin To Net: NetName=VR3_CW_2 Pin=R21-2
Added Pin To Net: NetName=ADC1_IN12 Pin=VR1-2
Added Pin To Net: NetName=ADC1_IN13 Pin=VR2-2
Change Net Name : Old Net Name=LCD_DB0 New Net Name=LCD_DB7
Change Net Name : Old Net Name=LCD_DB1 New Net Name=LCD_DB6
Change Net Name : Old Net Name=LCD_DB2 New Net Name=LCD_DB5
Change Net Name : Old Net Name=LCD_DB3 New Net Name=LCD_DB4
Change Net Name : Old Net Name=LCD_DB4 New Net Name=LCD_DB3
Change Net Name : Old Net Name=LCD_DB5 New Net Name=LCD_DB2
Change Net Name : Old Net Name=LCD_DB6 New Net Name=LCD_DB1
Change Net Name : Old Net Name=LCD_DB7 New Net Name=LCD_DB0
Change Net Name : Old Net Name=NetDS1_3 New Net Name=VO
Change Net Name : Old Net Name=NetDS1_20 New Net Name=K
Added Member To Class: ClassName=Btn&poti Member=Component R10 100
Added Member To Class: ClassName=Btn&poti Member=Component R11 100
