Removed Pin From Net: NetName=VR3_CW_2 Pin=JP1-1
Removed Pin From Net: NetName=GND Pin=JP1-2
Removed Pin From Net: NetName=VEE Pin=JP1-3
Removed Pin From Net: NetName=ADC1_IN13 Pin=VR1-2
Removed Pin From Net: NetName=ADC1_IN12 Pin=VR2-2
Removed Member From Class: ClassName=LCD Member=R6
Removed Member From Class: ClassName=LCD Member=R7
Removed Member From Class: ClassName=LCD Member=R9
Removed Member From Class: ClassName=LCD Member=R11
Removed Member From Class: ClassName=Btn&poti Member=R13
Removed Member From Class: ClassName=Btn&poti Member=R18
Removed Member From Class: ClassName=LCD Member=VR2
Change Component Designator: OldDesignator=DS1 NewDesignator=DS?
Added Component: Designator=R20(FP_0805_RES)
Add component (AddParameter): Name = "Name"; Value = ""; VariantName = "[No Variations]"
Add component (AddParameter): Name = "Power"; Value = ""; VariantName = "[No Variations]"
Add component (AddParameter): Name = "Reference"; Value = ""; VariantName = "[No Variations]"
Add component (AddParameter): Name = "Supplier"; Value = ""; VariantName = "[No Variations]"
Add component (AddParameter): Name = "Tolerance"; Value = ""; VariantName = "[No Variations]"
Add component (AddParameter): Name = "Value"; Value = "0"; VariantName = "[No Variations]"
Added Component: Designator=R21(FP_0805_RES)
Add component (AddParameter): Name = "Name"; Value = ""; VariantName = "[No Variations]"
Add component (AddParameter): Name = "Power"; Value = ""; VariantName = "[No Variations]"
Add component (AddParameter): Name = "Reference"; Value = ""; VariantName = "[No Variations]"
Add component (AddParameter): Name = "Supplier"; Value = ""; VariantName = "[No Variations]"
Add component (AddParameter): Name = "Tolerance"; Value = ""; VariantName = "[No Variations]"
Add component (AddParameter): Name = "Value"; Value = "0"; VariantName = "[No Variations]"
Added Pin To Net: NetName=VEE Pin=R20-1
Added Pin To Net: NetName=VR3_CW_2 Pin=R20-2
Added Pin To Net: NetName=GND Pin=R21-1
Added Pin To Net: NetName=VR3_CW_2 Pin=R21-2
Added Pin To Net: NetName=ADC1_IN12 Pin=VR1-2
Added Pin To Net: NetName=ADC1_IN13 Pin=VR2-2
Change Net Name : Old Net Name=LCD_DB0 New Net Name=LCD_DB7
Change Net Name : Old Net Name=LCD_DB1 New Net Name=LCD_DB6
Change Net Name : Old Net Name=LCD_DB2 New Net Name=LCD_DB5
Change Net Name : Old Net Name=LCD_DB3 New Net Name=LCD_DB4
Change Net Name : Old Net Name=LCD_DB4 New Net Name=LCD_DB3
Change Net Name : Old Net Name=LCD_DB5 New Net Name=LCD_DB2
Change Net Name : Old Net Name=LCD_DB6 New Net Name=LCD_DB1
Change Net Name : Old Net Name=LCD_DB7 New Net Name=LCD_DB0
Change Net Name : Old Net Name=NetDS1_3 New Net Name=VO
Change Net Name : Old Net Name=NetDS1_20 New Net Name=K
Added Member To Class: ClassName=LCD Member=Component R2 10k
Added Member To Class: ClassName=LCD Member=Component R3 100
Added Member To Class: ClassName=LCD Member=Component R4 1k
Added Member To Class: ClassName=LCD Member=Component R5 10k
Added Member To Class: ClassName=Btn&poti Member=Component R6 10k
Added Member To Class: ClassName=Btn&poti Member=Component R7 10k
Added Member To Class: ClassName=Btn&poti Member=Component R8 10k
Added Member To Class: ClassName=Btn&poti Member=Component R9 100
Added Member To Class: ClassName=Btn&poti Member=Component R10 100
Added Member To Class: ClassName=LCD Member=Component R14 1k
Added Member To Class: ClassName=LCD Member=Component R15 1k
Added Member To Class: ClassName=LCD Member=Component R16 1k
Added Member To Class: ClassName=LCD Member=Component R17 1k
Added Member To Class: ClassName=LCD Member=Component R19 1k
Added Member To Class: ClassName=LCD Member=Component R20 0
Added Member To Class: ClassName=LCD Member=Component R21 0
Added Member To Class: ClassName=Btn&poti Member=Component VR1 PTV09A-4020F-B104
Added Member To Class: ClassName=LCD Member=Component VR3 RKT3296-104-W
