Change component parameters: Designator = "C1" ("C1"); Footprint = "FP_0805_CAP_085"; UniqueID = "\ZYBXNRDF" ("\ZYBXNRDF")
Change component parameters (AddParameter): Name = "Name"; Value = "Capacitor"; VariantName = "[No Variations]"
Change component parameters (AddParameter): Name = "Reference"; Value = "82-13-46"; VariantName = "[No Variations]"
Change component parameters (AddParameter): Name = "Supplier"; Value = "Lomex"; VariantName = "[No Variations]"
Change component parameters (AddParameter): Name = "Tolerance"; Value = ""; VariantName = "[No Variations]"
Change component parameters (AddParameter): Name = "Value"; Value = "100n"; VariantName = "[No Variations]"
Change component parameters (AddParameter): Name = "Voltage"; Value = ""; VariantName = "[No Variations]"
Change component parameters: Designator = "C2" ("C2"); Footprint = "FP_0805_CAP_085"; UniqueID = "\PRXDGTWL" ("\PRXDGTWL")
Change component parameters (AddParameter): Name = "Name"; Value = "Capacitor"; VariantName = "[No Variations]"
Change component parameters (AddParameter): Name = "Reference"; Value = "82-13-46"; VariantName = "[No Variations]"
Change component parameters (AddParameter): Name = "Supplier"; Value = "Lomex"; VariantName = "[No Variations]"
Change component parameters (AddParameter): Name = "Tolerance"; Value = ""; VariantName = "[No Variations]"
Change component parameters (AddParameter): Name = "Value"; Value = "100n"; VariantName = "[No Variations]"
Change component parameters (AddParameter): Name = "Voltage"; Value = ""; VariantName = "[No Variations]"
Change component parameters: Designator = "C3" ("C3"); Footprint = "FP_0805_CAP_085"; UniqueID = "\SAVYXRJS" ("\SAVYXRJS")
Change component parameters (AddParameter): Name = "Name"; Value = "Capacitor"; VariantName = "[No Variations]"
Change component parameters (AddParameter): Name = "Reference"; Value = "82-13-46"; VariantName = "[No Variations]"
Change component parameters (AddParameter): Name = "Supplier"; Value = "Lomex"; VariantName = "[No Variations]"
Change component parameters (AddParameter): Name = "Tolerance"; Value = ""; VariantName = "[No Variations]"
Change component parameters (AddParameter): Name = "Value"; Value = "100n"; VariantName = "[No Variations]"
Change component parameters (AddParameter): Name = "Voltage"; Value = ""; VariantName = "[No Variations]"
Change component parameters: Designator = "C4" ("C4"); Footprint = "FP_0805_CAP_085"; UniqueID = "\MEZKFQOO" ("\MEZKFQOO")
Change component parameters (AddParameter): Name = "Name"; Value = "Capacitor"; VariantName = "[No Variations]"
Change component parameters (AddParameter): Name = "Reference"; Value = "82-13-46"; VariantName = "[No Variations]"
Change component parameters (AddParameter): Name = "Supplier"; Value = "Lomex"; VariantName = "[No Variations]"
Change component parameters (AddParameter): Name = "Tolerance"; Value = ""; VariantName = "[No Variations]"
Change component parameters (AddParameter): Name = "Value"; Value = "100n"; VariantName = "[No Variations]"
Change component parameters (AddParameter): Name = "Voltage"; Value = ""; VariantName = "[No Variations]"
Change component parameters: Designator = "C5" ("C5"); Footprint = "FP_0805_CAP_085"; UniqueID = "\SPSVYEHH" ("\SPSVYEHH")
Change component parameters (AddParameter): Name = "Name"; Value = "Capacitor"; VariantName = "[No Variations]"
Change component parameters (AddParameter): Name = "Reference"; Value = "82-13-46"; VariantName = "[No Variations]"
Change component parameters (AddParameter): Name = "Supplier"; Value = "Lomex"; VariantName = "[No Variations]"
Change component parameters (AddParameter): Name = "Tolerance"; Value = ""; VariantName = "[No Variations]"
Change component parameters (AddParameter): Name = "Value"; Value = "100n"; VariantName = "[No Variations]"
Change component parameters (AddParameter): Name = "Voltage"; Value = ""; VariantName = "[No Variations]"
Change component parameters: Designator = "C6" ("C6"); Footprint = "FP_0805_CAP_085"; UniqueID = "\OYJKMJWW" ("\OYJKMJWW")
Change component parameters (AddParameter): Name = "Name"; Value = "Capacitor"; VariantName = "[No Variations]"
Change component parameters (AddParameter): Name = "Reference"; Value = "82-13-46"; VariantName = "[No Variations]"
Change component parameters (AddParameter): Name = "Supplier"; Value = "Lomex"; VariantName = "[No Variations]"
Change component parameters (AddParameter): Name = "Tolerance"; Value = ""; VariantName = "[No Variations]"
Change component parameters (AddParameter): Name = "Value"; Value = "100n"; VariantName = "[No Variations]"
Change component parameters (AddParameter): Name = "Voltage"; Value = ""; VariantName = "[No Variations]"
Change component parameters: Designator = "DS1" ("DS1"); Footprint = "RG12864BBIWV"; UniqueID = "\ZWVVBPZX" ("\ZWVVBPZX")
Change component parameters (AddParameter): Name = "Arrow Part Number"; Value = ""; VariantName = "[No Variations]"
Change component parameters (AddParameter): Name = "Arrow Price/Stock"; Value = ""; VariantName = "[No Variations]"
Change component parameters (AddParameter): Name = "Datasheet Link"; Value = "https://www.tme.eu/Document/ad0edd8197c217e1346010bf2253878c/RG12864B-GHW-V.pdf"; VariantName = "[No Variations]"
Change component parameters (AddParameter): Name = "Height"; Value = "5.9mm"; VariantName = "[No Variations]"
Change component parameters (AddParameter): Name = "Manufacturer_Name"; Value = "RAYSTAR"; VariantName = "[No Variations]"
Change component parameters (AddParameter): Name = "Mouser Part Number"; Value = ""; VariantName = "[No Variations]"
Change component parameters (AddParameter): Name = "Mouser Price/Stock"; Value = ""; VariantName = "[No Variations]"
Change component parameters (AddParameter): Name = "Name"; Value = "RG12864B-BIW-V"; VariantName = "[No Variations]"
Change component parameters (AddParameter): Name = "Reference"; Value = "37-00-81"; VariantName = "[No Variations]"
Change component parameters (AddParameter): Name = "Supplier"; Value = "Lomex"; VariantName = "[No Variations]"
Change component parameters: Designator = "R1" ("R1"); Footprint = "FP_0805_RES"; UniqueID = "\UTKXQAQU" ("\UTKXQAQU")
Change component parameters (AddParameter): Name = "Name"; Value = "Resistor"; VariantName = "[No Variations]"
Change component parameters (AddParameter): Name = "Power"; Value = ""; VariantName = "[No Variations]"
Change component parameters (AddParameter): Name = "Reference"; Value = "80-10-98"; VariantName = "[No Variations]"
Change component parameters (AddParameter): Name = "Supplier"; Value = "Lomex"; VariantName = "[No Variations]"
Change component parameters (AddParameter): Name = "Tolerance"; Value = ""; VariantName = "[No Variations]"
Change component parameters (AddParameter): Name = "Value"; Value = "10k"; VariantName = "[No Variations]"
Change component parameters: Designator = "R2" ("R2"); Footprint = "FP_0805_RES"; UniqueID = "\NMQFMYTT" ("\NMQFMYTT")
Change component parameters (AddParameter): Name = "Name"; Value = "Resistor"; VariantName = "[No Variations]"
Change component parameters (AddParameter): Name = "Power"; Value = ""; VariantName = "[No Variations]"
Change component parameters (AddParameter): Name = "Reference"; Value = "80-10-98"; VariantName = "[No Variations]"
Change component parameters (AddParameter): Name = "Supplier"; Value = "Lomex"; VariantName = "[No Variations]"
Change component parameters (AddParameter): Name = "Tolerance"; Value = ""; VariantName = "[No Variations]"
Change component parameters (AddParameter): Name = "Value"; Value = "10k"; VariantName = "[No Variations]"
Change component parameters: Designator = "R4" ("R4"); Footprint = "FP_0805_RES"; UniqueID = "\OSSRBQOS" ("\OSSRBQOS")
Change component parameters (AddParameter): Name = "Name"; Value = "Resistor"; VariantName = "[No Variations]"
Change component parameters (AddParameter): Name = "Power"; Value = ""; VariantName = "[No Variations]"
Change component parameters (AddParameter): Name = "Reference"; Value = "80-10-86"; VariantName = "[No Variations]"
Change component parameters (AddParameter): Name = "Supplier"; Value = "Lomex"; VariantName = "[No Variations]"
Change component parameters (AddParameter): Name = "Tolerance"; Value = ""; VariantName = "[No Variations]"
Change component parameters (AddParameter): Name = "Value"; Value = "1k"; VariantName = "[No Variations]"
Change component parameters: Designator = "R5" ("R5"); Footprint = "FP_0805_RES"; UniqueID = "\MCOHATJG" ("\MCOHATJG")
Change component parameters (AddParameter): Name = "Name"; Value = "Resistor"; VariantName = "[No Variations]"
Change component parameters (AddParameter): Name = "Power"; Value = ""; VariantName = "[No Variations]"
Change component parameters (AddParameter): Name = "Reference"; Value = "80-10-98"; VariantName = "[No Variations]"
Change component parameters (AddParameter): Name = "Supplier"; Value = "Lomex"; VariantName = "[No Variations]"
Change component parameters (AddParameter): Name = "Tolerance"; Value = ""; VariantName = "[No Variations]"
Change component parameters (AddParameter): Name = "Value"; Value = "10k"; VariantName = "[No Variations]"
Change component parameters: Designator = "R6" ("R6"); Footprint = "FP_0805_RES"; UniqueID = "\SKDHLAGW" ("\SKDHLAGW")
Change component parameters (AddParameter): Name = "Name"; Value = ""; VariantName = "[No Variations]"
Change component parameters (AddParameter): Name = "Power"; Value = ""; VariantName = "[No Variations]"
Change component parameters (AddParameter): Name = "Reference"; Value = "80-10-86"; VariantName = "[No Variations]"
Change component parameters (AddParameter): Name = "Supplier"; Value = ""; VariantName = "[No Variations]"
Change component parameters (AddParameter): Name = "Tolerance"; Value = ""; VariantName = "[No Variations]"
Change component parameters (AddParameter): Name = "Value"; Value = "1k"; VariantName = "[No Variations]"
Change component parameters: Designator = "R7" ("R7"); Footprint = "FP_0805_RES"; UniqueID = "\SKZKGZQF" ("\SKZKGZQF")
Change component parameters (AddParameter): Name = "Name"; Value = ""; VariantName = "[No Variations]"
Change component parameters (AddParameter): Name = "Power"; Value = ""; VariantName = "[No Variations]"
Change component parameters (AddParameter): Name = "Reference"; Value = "80-10-86"; VariantName = "[No Variations]"
Change component parameters (AddParameter): Name = "Supplier"; Value = ""; VariantName = "[No Variations]"
Change component parameters (AddParameter): Name = "Tolerance"; Value = ""; VariantName = "[No Variations]"
Change component parameters (AddParameter): Name = "Value"; Value = "1k"; VariantName = "[No Variations]"
Change component parameters: Designator = "R8" ("R8"); Footprint = "FP_0805_RES"; UniqueID = "\FJVCQRMM" ("\FJVCQRMM")
Change component parameters (AddParameter): Name = "Name"; Value = ""; VariantName = "[No Variations]"
Change component parameters (AddParameter): Name = "Power"; Value = ""; VariantName = "[No Variations]"
Change component parameters (AddParameter): Name = "Reference"; Value = "80-10-86"; VariantName = "[No Variations]"
Change component parameters (AddParameter): Name = "Supplier"; Value = ""; VariantName = "[No Variations]"
Change component parameters (AddParameter): Name = "Tolerance"; Value = ""; VariantName = "[No Variations]"
Change component parameters (AddParameter): Name = "Value"; Value = "1k"; VariantName = "[No Variations]"
Change component parameters: Designator = "R9" ("R9"); Footprint = "FP_0805_RES"; UniqueID = "\AKFUEYZE" ("\AKFUEYZE")
Change component parameters (AddParameter): Name = "Name"; Value = ""; VariantName = "[No Variations]"
Change component parameters (AddParameter): Name = "Power"; Value = ""; VariantName = "[No Variations]"
Change component parameters (AddParameter): Name = "Reference"; Value = "80-10-86"; VariantName = "[No Variations]"
Change component parameters (AddParameter): Name = "Supplier"; Value = ""; VariantName = "[No Variations]"
Change component parameters (AddParameter): Name = "Tolerance"; Value = ""; VariantName = "[No Variations]"
Change component parameters (AddParameter): Name = "Value"; Value = "1k"; VariantName = "[No Variations]"
Change component parameters: Designator = "R10" ("R10"); Footprint = "FP_0805_RES"; UniqueID = "\UUTQCOAA" ("\UUTQCOAA")
Change component parameters (AddParameter): Name = "Name"; Value = ""; VariantName = "[No Variations]"
Change component parameters (AddParameter): Name = "Power"; Value = ""; VariantName = "[No Variations]"
Change component parameters (AddParameter): Name = "Reference"; Value = "80-10-86"; VariantName = "[No Variations]"
Change component parameters (AddParameter): Name = "Supplier"; Value = ""; VariantName = "[No Variations]"
Change component parameters (AddParameter): Name = "Tolerance"; Value = ""; VariantName = "[No Variations]"
Change component parameters (AddParameter): Name = "Value"; Value = "1k"; VariantName = "[No Variations]"
Change component parameters: Designator = "R11" ("R11"); Footprint = "FP_0805_RES"; UniqueID = "\QKXFISJU" ("\QKXFISJU")
Change component parameters (AddParameter): Name = "Name"; Value = ""; VariantName = "[No Variations]"
Change component parameters (AddParameter): Name = "Power"; Value = ""; VariantName = "[No Variations]"
Change component parameters (AddParameter): Name = "Reference"; Value = "80-10-86"; VariantName = "[No Variations]"
Change component parameters (AddParameter): Name = "Supplier"; Value = ""; VariantName = "[No Variations]"
Change component parameters (AddParameter): Name = "Tolerance"; Value = ""; VariantName = "[No Variations]"
Change component parameters (AddParameter): Name = "Value"; Value = "1k"; VariantName = "[No Variations]"
Change component parameters: Designator = "R12" ("R12"); Footprint = "FP_0805_RES"; UniqueID = "\EUZWGKNR" ("\EUZWGKNR")
Change component parameters (AddParameter): Name = "Name"; Value = ""; VariantName = "[No Variations]"
Change component parameters (AddParameter): Name = "Power"; Value = ""; VariantName = "[No Variations]"
Change component parameters (AddParameter): Name = "Reference"; Value = "80-10-86"; VariantName = "[No Variations]"
Change component parameters (AddParameter): Name = "Supplier"; Value = ""; VariantName = "[No Variations]"
Change component parameters (AddParameter): Name = "Tolerance"; Value = ""; VariantName = "[No Variations]"
Change component parameters (AddParameter): Name = "Value"; Value = "1k"; VariantName = "[No Variations]"
Change component parameters: Designator = "R13" ("R13"); Footprint = "FP_0805_RES"; UniqueID = "\WUTPPLPO" ("\WUTPPLPO")
Change component parameters (AddParameter): Name = "Name"; Value = ""; VariantName = "[No Variations]"
Change component parameters (AddParameter): Name = "Power"; Value = ""; VariantName = "[No Variations]"
Change component parameters (AddParameter): Name = "Reference"; Value = "80-10-86"; VariantName = "[No Variations]"
Change component parameters (AddParameter): Name = "Supplier"; Value = ""; VariantName = "[No Variations]"
Change component parameters (AddParameter): Name = "Tolerance"; Value = ""; VariantName = "[No Variations]"
Change component parameters (AddParameter): Name = "Value"; Value = "1k"; VariantName = "[No Variations]"
Change component parameters: Designator = "R14" ("R14"); Footprint = "FP_0805_RES"; UniqueID = "\RVQACORZ" ("\RVQACORZ")
Change component parameters (AddParameter): Name = "Name"; Value = "Resistor"; VariantName = "[No Variations]"
Change component parameters (AddParameter): Name = "Power"; Value = ""; VariantName = "[No Variations]"
Change component parameters (AddParameter): Name = "Reference"; Value = "80-10-98"; VariantName = "[No Variations]"
Change component parameters (AddParameter): Name = "Supplier"; Value = "Lomex"; VariantName = "[No Variations]"
Change component parameters (AddParameter): Name = "Tolerance"; Value = ""; VariantName = "[No Variations]"
Change component parameters (AddParameter): Name = "Value"; Value = "10k"; VariantName = "[No Variations]"
Change component parameters: Designator = "R15" ("R15"); Footprint = "FP_0805_RES"; UniqueID = "\RZPGYCAV" ("\RZPGYCAV")
Change component parameters (AddParameter): Name = "Name"; Value = "Resistor"; VariantName = "[No Variations]"
Change component parameters (AddParameter): Name = "Power"; Value = ""; VariantName = "[No Variations]"
Change component parameters (AddParameter): Name = "Reference"; Value = "80-10-98"; VariantName = "[No Variations]"
Change component parameters (AddParameter): Name = "Supplier"; Value = "Lomex"; VariantName = "[No Variations]"
Change component parameters (AddParameter): Name = "Tolerance"; Value = ""; VariantName = "[No Variations]"
Change component parameters (AddParameter): Name = "Value"; Value = "10k"; VariantName = "[No Variations]"
Change component parameters: Designator = "R16" ("R16"); Footprint = "FP_0805_RES"; UniqueID = "\OCCHUMGV" ("\OCCHUMGV")
Change component parameters (AddParameter): Name = "Name"; Value = "Resistor"; VariantName = "[No Variations]"
Change component parameters (AddParameter): Name = "Power"; Value = ""; VariantName = "[No Variations]"
Change component parameters (AddParameter): Name = "Reference"; Value = "80-10-98"; VariantName = "[No Variations]"
Change component parameters (AddParameter): Name = "Supplier"; Value = "Lomex"; VariantName = "[No Variations]"
Change component parameters (AddParameter): Name = "Tolerance"; Value = ""; VariantName = "[No Variations]"
Change component parameters (AddParameter): Name = "Value"; Value = "10k"; VariantName = "[No Variations]"
Change component parameters: Designator = "R17" ("R17"); Footprint = "FP_0805_RES"; UniqueID = "\YBUMFRRR" ("\YBUMFRRR")
Change component parameters (AddParameter): Name = "Name"; Value = "Resistor"; VariantName = "[No Variations]"
Change component parameters (AddParameter): Name = "Power"; Value = ""; VariantName = "[No Variations]"
Change component parameters (AddParameter): Name = "Reference"; Value = "80-10-74"; VariantName = "[No Variations]"
Change component parameters (AddParameter): Name = "Supplier"; Value = "Lomex"; VariantName = "[No Variations]"
Change component parameters (AddParameter): Name = "Tolerance"; Value = ""; VariantName = "[No Variations]"
Change component parameters (AddParameter): Name = "Value"; Value = "100"; VariantName = "[No Variations]"
Change component parameters: Designator = "R18" ("R18"); Footprint = "FP_0805_RES"; UniqueID = "\ROOILRFN" ("\ROOILRFN")
Change component parameters (AddParameter): Name = "Name"; Value = "Resistor"; VariantName = "[No Variations]"
Change component parameters (AddParameter): Name = "Power"; Value = ""; VariantName = "[No Variations]"
Change component parameters (AddParameter): Name = "Reference"; Value = "80-10-74"; VariantName = "[No Variations]"
Change component parameters (AddParameter): Name = "Supplier"; Value = "Lomex"; VariantName = "[No Variations]"
Change component parameters (AddParameter): Name = "Tolerance"; Value = ""; VariantName = "[No Variations]"
Change component parameters (AddParameter): Name = "Value"; Value = "100"; VariantName = "[No Variations]"
Change component parameters: Designator = "R19" ("R19"); Footprint = "FP_0805_RES"; UniqueID = "\ETHCVWWC" ("\ETHCVWWC")
Change component parameters (AddParameter): Name = "Name"; Value = "Resistor"; VariantName = "[No Variations]"
Change component parameters (AddParameter): Name = "Power"; Value = ""; VariantName = "[No Variations]"
Change component parameters (AddParameter): Name = "Reference"; Value = "80-10-74"; VariantName = "[No Variations]"
Change component parameters (AddParameter): Name = "Supplier"; Value = "Lomex"; VariantName = "[No Variations]"
Change component parameters (AddParameter): Name = "Tolerance"; Value = ""; VariantName = "[No Variations]"
Change component parameters (AddParameter): Name = "Value"; Value = "100"; VariantName = "[No Variations]"
Change component parameters: Designator = "VR3" ("VR3"); Footprint = "RKT3296103W"; UniqueID = "\WDLZMLQN" ("\WDLZMLQN")
Change component parameters (AddParameter): Name = "Arrow Part Number"; Value = ""; VariantName = "[No Variations]"
Change component parameters (AddParameter): Name = "Arrow Price/Stock"; Value = ""; VariantName = "[No Variations]"
Change component parameters (AddParameter): Name = "Datasheet Link"; Value = "https://www.kingtronics.com/pdf/RKT-3296.pdf"; VariantName = "[No Variations]"
Change component parameters (AddParameter): Name = "Height"; Value = "10mm"; VariantName = "[No Variations]"
Change component parameters (AddParameter): Name = "Manufacturer_Name"; Value = "Kings Electronics"; VariantName = "[No Variations]"
Change component parameters (AddParameter): Name = "Mouser Part Number"; Value = ""; VariantName = "[No Variations]"
Change component parameters (AddParameter): Name = "Mouser Price/Stock"; Value = ""; VariantName = "[No Variations]"
Change component parameters (AddParameter): Name = "Name"; Value = "RKT3296-104-W"; VariantName = "[No Variations]"
Change component parameters (AddParameter): Name = "Reference"; Value = "05-05-89"; VariantName = "[No Variations]"
Change component parameters (AddParameter): Name = "Supplier"; Value = "Lomex"; VariantName = "[No Variations]"
