Removed Pin From Net: NetName=#LCD_EN Pin=IC1-1
Removed Pin From Net: NetName=LCD_E Pin=IC1-2
Removed Pin From Net: NetName=LCD_D/I Pin=IC1-4
Removed Pin From Net: NetName=LCD_R/W Pin=IC1-6
Removed Pin From Net: NetName=CS2 Pin=IC1-7
Removed Pin From Net: NetName=LCD_RST Pin=IC1-8
Removed Pin From Net: NetName=CS1 Pin=IC1-9
Removed Pin From Net: NetName=GND Pin=IC1-10
Removed Pin From Net: NetName=LCD_CS1 Pin=IC1-11
Removed Pin From Net: NetName=RST Pin=IC1-12
Removed Pin From Net: NetName=LCD_CS2 Pin=IC1-13
Removed Pin From Net: NetName=R/W Pin=IC1-14
Removed Pin From Net: NetName=GND Pin=IC1-15
Removed Pin From Net: NetName=D/I Pin=IC1-16
Removed Pin From Net: NetName=E Pin=IC1-18
Removed Pin From Net: NetName=#LCD_EN Pin=IC1-19
Removed Pin From Net: NetName=+5V Pin=IC1-20
Change component parameters: Designator = "IC1" ("IC1"); Footprint = "SOIC127P1032X265-20N"; UniqueID = "\COMZQUTW" ("\COMZQUTW")
Change component parameters (AddParameter): Name = "Arrow Part Number"; Value = ""; VariantName = "[No Variations]"
Change component parameters (AddParameter): Name = "Arrow Price/Stock"; Value = ""; VariantName = "[No Variations]"
Change component parameters (AddParameter): Name = "Datasheet Link"; Value = ""; VariantName = "[No Variations]"
Change component parameters (AddParameter): Name = "Manufacturer_Name"; Value = "Nexperia"; VariantName = "[No Variations]"
Change component parameters (AddParameter): Name = "Manufacturer_Part_Number"; Value = "74HCT244D"; VariantName = "[No Variations]"
Change component parameters (AddParameter): Name = "Mouser Part Number"; Value = "771-74HCT244D"; VariantName = "[No Variations]"
Change component parameters (AddParameter): Name = "Mouser Price/Stock"; Value = "https://www.mouser.com/Search/Refine.aspx?Keyword=771-74HCT244D"; VariantName = "[No Variations]"
Added Pin To Net: NetName=LCD_E Pin=IC1-1
Added Pin To Net: NetName=LCD_D/I Pin=IC1-2
Added Pin To Net: NetName=LCD_R/W Pin=IC1-4
Added Pin To Net: NetName=CS2 Pin=IC1-5
Added Pin To Net: NetName=LCD_RST Pin=IC1-6
Added Pin To Net: NetName=CS1 Pin=IC1-7
Added Pin To Net: NetName=GND Pin=IC1-9
Added Pin To Net: NetName=#LCD_EN Pin=IC1-11
Added Pin To Net: NetName=LCD_CS1 Pin=IC1-13
Added Pin To Net: NetName=RST Pin=IC1-14
Added Pin To Net: NetName=LCD_CS2 Pin=IC1-15
Added Pin To Net: NetName=R/W Pin=IC1-16
Added Pin To Net: NetName=D/I Pin=IC1-18
Added Pin To Net: NetName=E Pin=IC1-20
